<?xml version="1.0" encoding="UTF-8"?>
<!-- Generated by org.testng.reporters.JUnitReportReporter -->
<testsuite hostname="WINDELL-B6HDFLT" failures="0" tests="1" name="com.Inetbanking.testcases.Login" time="16.088" errors="0" timestamp="2023-02-11T07:59:50 EST" skipped="0">
  <testcase classname="com.Inetbanking.testcases.Login" name="test1" time="16.088"/>
  <system-out/>
</testsuite> <!-- com.Inetbanking.testcases.Login -->
