<?xml version="1.0" encoding="UTF-8"?>
<!-- Generated by org.testng.reporters.JUnitReportReporter -->
<testsuite skipped="0" hostname="WINDELL-B6HDFLT" name="com.Inetbanking.testcases.Newcustomer" tests="1" failures="0" timestamp="2023-02-14T11:12:25 EST" time="15.080" errors="0">
  <testcase name="test2" time="15.080" classname="com.Inetbanking.testcases.Newcustomer"/>
  <system-out/>
</testsuite> <!-- com.Inetbanking.testcases.Newcustomer -->
